<?xml version="1.0" encoding="UTF-8"?>
<coverage generated="1736134299">
  <project timestamp="1736134299">
    <file name="/var/www/edinei/payments/src/Enum/Bank.php">
      <metrics loc="11" ncloc="11" classes="0" methods="0" coveredmethods="0" conditionals="0" coveredconditionals="0" statements="0" coveredstatements="0" elements="0" coveredelements="0"/>
    </file>
    <file name="/var/www/edinei/payments/src/Enum/Finality.php">
      <metrics loc="29" ncloc="29" classes="0" methods="0" coveredmethods="0" conditionals="0" coveredconditionals="0" statements="0" coveredstatements="0" elements="0" coveredelements="0"/>
    </file>
    <file name="/var/www/edinei/payments/src/Enum/Status.php">
      <metrics loc="17" ncloc="17" classes="0" methods="0" coveredmethods="0" conditionals="0" coveredconditionals="0" statements="0" coveredstatements="0" elements="0" coveredelements="0"/>
    </file>
    <file name="/var/www/edinei/payments/src/Helper/CalculationDV.php">
      <class name="EdineiValdameri\Pagamentos\Helper\CalculationDV" namespace="global">
        <metrics complexity="2" methods="2" coveredmethods="2" conditionals="0" coveredconditionals="0" statements="10" coveredstatements="10" elements="12" coveredelements="12"/>
      </class>
      <line num="9" type="method" name="bradescoAgency" visibility="public" complexity="1" crap="1" count="8"/>
      <line num="12" type="stmt" count="8"/>
      <line num="13" type="stmt" count="8"/>
      <line num="14" type="stmt" count="8"/>
      <line num="15" type="stmt" count="8"/>
      <line num="17" type="stmt" count="8"/>
      <line num="20" type="method" name="bradescoAccount" visibility="public" complexity="1" crap="1" count="8"/>
      <line num="23" type="stmt" count="8"/>
      <line num="24" type="stmt" count="8"/>
      <line num="25" type="stmt" count="8"/>
      <line num="26" type="stmt" count="8"/>
      <line num="28" type="stmt" count="8"/>
      <metrics loc="31" ncloc="29" classes="1" methods="2" coveredmethods="2" conditionals="0" coveredconditionals="0" statements="10" coveredstatements="10" elements="12" coveredelements="12"/>
    </file>
    <file name="/var/www/edinei/payments/src/Helper/Useful.php">
      <class name="EdineiValdameri\Pagamentos\Helper\Useful" namespace="global">
        <metrics complexity="16" methods="5" coveredmethods="5" conditionals="0" coveredconditionals="0" statements="49" coveredstatements="49" elements="54" coveredelements="54"/>
      </class>
      <line num="11" type="method" name="onlyNumbers" visibility="public" complexity="1" crap="1" count="10"/>
      <line num="14" type="stmt" count="10"/>
      <line num="16" type="stmt" count="10"/>
      <line num="19" type="method" name="upper" visibility="public" complexity="1" crap="1" count="15"/>
      <line num="21" type="stmt" count="15"/>
      <line num="24" type="method" name="formatCnab" visibility="public" complexity="8" crap="8" count="16"/>
      <line num="26" type="stmt" count="16"/>
      <line num="27" type="stmt" count="1"/>
      <line num="30" type="stmt" count="15"/>
      <line num="31" type="stmt" count="1"/>
      <line num="34" type="stmt" count="14"/>
      <line num="36" type="stmt" count="14"/>
      <line num="37" type="stmt" count="14"/>
      <line num="38" type="stmt" count="14"/>
      <line num="39" type="stmt" count="14"/>
      <line num="41" type="stmt" count="14"/>
      <line num="42" type="stmt" count="14"/>
      <line num="43" type="stmt" count="1"/>
      <line num="45" type="stmt" count="14"/>
      <line num="47" type="stmt" count="14"/>
      <line num="48" type="stmt" count="9"/>
      <line num="51" type="stmt" count="14"/>
      <line num="52" type="stmt" count="9"/>
      <line num="54" type="stmt" count="11"/>
      <line num="55" type="stmt" count="11"/>
      <line num="58" type="stmt" count="14"/>
      <line num="61" type="method" name="modulo11" visibility="public" complexity="5" crap="5" count="10"/>
      <line num="63" type="stmt" count="10"/>
      <line num="64" type="stmt" count="10"/>
      <line num="65" type="stmt" count="10"/>
      <line num="66" type="stmt" count="10"/>
      <line num="67" type="stmt" count="10"/>
      <line num="68" type="stmt" count="1"/>
      <line num="70" type="stmt" count="10"/>
      <line num="73" type="stmt" count="10"/>
      <line num="74" type="stmt" count="10"/>
      <line num="75" type="stmt" count="10"/>
      <line num="76" type="stmt" count="10"/>
      <line num="77" type="stmt" count="1"/>
      <line num="80" type="stmt" count="10"/>
      <line num="83" type="stmt" count="1"/>
      <line num="86" type="method" name="normalizeChars" visibility="public" complexity="1" crap="1" count="15"/>
      <line num="88" type="stmt" count="15"/>
      <line num="89" type="stmt" count="15"/>
      <line num="90" type="stmt" count="15"/>
      <line num="91" type="stmt" count="15"/>
      <line num="92" type="stmt" count="15"/>
      <line num="94" type="stmt" count="15"/>
      <line num="95" type="stmt" count="15"/>
      <line num="96" type="stmt" count="15"/>
      <line num="97" type="stmt" count="15"/>
      <line num="99" type="stmt" count="15"/>
      <line num="100" type="stmt" count="15"/>
      <line num="102" type="stmt" count="15"/>
      <metrics loc="105" ncloc="102" classes="1" methods="5" coveredmethods="5" conditionals="0" coveredconditionals="0" statements="49" coveredstatements="49" elements="54" coveredelements="54"/>
    </file>
    <file name="/var/www/edinei/payments/src/Interface/Address.php">
      <metrics loc="23" ncloc="23" classes="0" methods="0" coveredmethods="0" conditionals="0" coveredconditionals="0" statements="0" coveredstatements="0" elements="0" coveredelements="0"/>
    </file>
    <file name="/var/www/edinei/payments/src/Interface/BankAccount.php">
      <metrics loc="21" ncloc="21" classes="0" methods="0" coveredmethods="0" conditionals="0" coveredconditionals="0" statements="0" coveredstatements="0" elements="0" coveredelements="0"/>
    </file>
    <file name="/var/www/edinei/payments/src/Interface/Generate.php">
      <metrics loc="11" ncloc="11" classes="0" methods="0" coveredmethods="0" conditionals="0" coveredconditionals="0" statements="0" coveredstatements="0" elements="0" coveredelements="0"/>
    </file>
    <file name="/var/www/edinei/payments/src/Interface/Payer.php">
      <metrics loc="10" ncloc="10" classes="0" methods="0" coveredmethods="0" conditionals="0" coveredconditionals="0" statements="0" coveredstatements="0" elements="0" coveredelements="0"/>
    </file>
    <file name="/var/www/edinei/payments/src/Interface/Payment.php">
      <metrics loc="33" ncloc="33" classes="0" methods="0" coveredmethods="0" conditionals="0" coveredconditionals="0" statements="0" coveredstatements="0" elements="0" coveredelements="0"/>
    </file>
    <file name="/var/www/edinei/payments/src/Interface/Person.php">
      <metrics loc="19" ncloc="19" classes="0" methods="0" coveredmethods="0" conditionals="0" coveredconditionals="0" statements="0" coveredstatements="0" elements="0" coveredelements="0"/>
    </file>
    <file name="/var/www/edinei/payments/src/Interface/Receiver.php">
      <metrics loc="10" ncloc="10" classes="0" methods="0" coveredmethods="0" conditionals="0" coveredconditionals="0" statements="0" coveredstatements="0" elements="0" coveredelements="0"/>
    </file>
    <file name="/var/www/edinei/payments/src/Shipping/AbstractShipping.php">
      <class name="EdineiValdameri\Pagamentos\Shipping\AbstractShipping" namespace="global">
        <metrics complexity="7" methods="6" coveredmethods="6" conditionals="0" coveredconditionals="0" statements="8" coveredstatements="8" elements="14" coveredelements="14"/>
      </class>
      <line num="36" type="method" name="__construct" visibility="public" complexity="1" crap="1" count="17"/>
      <line num="39" type="stmt" count="17"/>
      <line num="42" type="method" name="setWallet" visibility="public" complexity="2" crap="2" count="17"/>
      <line num="44" type="stmt" count="17"/>
      <line num="45" type="stmt" count="1"/>
      <line num="48" type="stmt" count="17"/>
      <line num="51" type="method" name="setId" visibility="public" complexity="1" crap="1" count="17"/>
      <line num="53" type="stmt" count="17"/>
      <line num="56" type="method" name="setShippingDate" visibility="public" complexity="1" crap="1" count="17"/>
      <line num="58" type="stmt" count="17"/>
      <line num="64" type="method" name="getPayments" visibility="public" complexity="1" crap="1" count="6"/>
      <line num="66" type="stmt" count="6"/>
      <line num="69" type="method" name="addPayment" visibility="public" complexity="1" crap="1" count="17"/>
      <line num="71" type="stmt" count="17"/>
      <metrics loc="78" ncloc="72" classes="1" methods="6" coveredmethods="6" conditionals="0" coveredconditionals="0" statements="8" coveredstatements="8" elements="14" coveredelements="14"/>
    </file>
    <file name="/var/www/edinei/payments/src/Shipping/Cnab240/AbstractShipping.php">
      <class name="EdineiValdameri\Pagamentos\Shipping\Cnab240\AbstractShipping" namespace="global">
        <metrics complexity="2" methods="1" coveredmethods="1" conditionals="0" coveredconditionals="0" statements="10" coveredstatements="10" elements="11" coveredelements="11"/>
      </class>
      <line num="16" type="method" name="generate" visibility="public" complexity="2" crap="2" count="5"/>
      <line num="18" type="stmt" count="5"/>
      <line num="20" type="stmt" count="5"/>
      <line num="22" type="stmt" count="5"/>
      <line num="23" type="stmt" count="5"/>
      <line num="25" type="stmt" count="5"/>
      <line num="26" type="stmt" count="5"/>
      <line num="27" type="stmt" count="5"/>
      <line num="30" type="stmt" count="5"/>
      <line num="32" type="stmt" count="5"/>
      <line num="34" type="stmt" count="5"/>
      <metrics loc="43" ncloc="42" classes="1" methods="1" coveredmethods="1" conditionals="0" coveredconditionals="0" statements="10" coveredstatements="10" elements="11" coveredelements="11"/>
    </file>
    <file name="/var/www/edinei/payments/src/Shipping/Cnab240/Bank/Bradesco.php">
      <class name="EdineiValdameri\Pagamentos\Shipping\Cnab240\Bank\Bradesco" namespace="global">
        <metrics complexity="19" methods="12" coveredmethods="12" conditionals="0" coveredconditionals="0" statements="186" coveredstatements="186" elements="198" coveredelements="198"/>
      </class>
      <line num="31" type="method" name="__construct" visibility="public" complexity="1" crap="1" count="17"/>
      <line num="33" type="stmt" count="17"/>
      <line num="34" type="stmt" count="17"/>
      <line num="37" type="method" name="header" visibility="protected" complexity="2" crap="2" count="6"/>
      <line num="39" type="stmt" count="6"/>
      <line num="40" type="stmt" count="6"/>
      <line num="41" type="stmt" count="6"/>
      <line num="42" type="stmt" count="6"/>
      <line num="43" type="stmt" count="6"/>
      <line num="44" type="stmt" count="6"/>
      <line num="45" type="stmt" count="6"/>
      <line num="46" type="stmt" count="6"/>
      <line num="47" type="stmt" count="6"/>
      <line num="48" type="stmt" count="6"/>
      <line num="49" type="stmt" count="6"/>
      <line num="50" type="stmt" count="6"/>
      <line num="51" type="stmt" count="6"/>
      <line num="52" type="stmt" count="6"/>
      <line num="53" type="stmt" count="6"/>
      <line num="54" type="stmt" count="6"/>
      <line num="55" type="stmt" count="6"/>
      <line num="56" type="stmt" count="6"/>
      <line num="57" type="stmt" count="6"/>
      <line num="58" type="stmt" count="6"/>
      <line num="59" type="stmt" count="6"/>
      <line num="60" type="stmt" count="6"/>
      <line num="61" type="stmt" count="6"/>
      <line num="62" type="stmt" count="6"/>
      <line num="63" type="stmt" count="6"/>
      <line num="65" type="stmt" count="6"/>
      <line num="68" type="method" name="headerBatch" visibility="protected" complexity="2" crap="2" count="6"/>
      <line num="70" type="stmt" count="6"/>
      <line num="71" type="stmt" count="6"/>
      <line num="72" type="stmt" count="6"/>
      <line num="73" type="stmt" count="6"/>
      <line num="74" type="stmt" count="6"/>
      <line num="75" type="stmt" count="6"/>
      <line num="76" type="stmt" count="6"/>
      <line num="77" type="stmt" count="6"/>
      <line num="78" type="stmt" count="6"/>
      <line num="79" type="stmt" count="6"/>
      <line num="80" type="stmt" count="6"/>
      <line num="81" type="stmt" count="6"/>
      <line num="82" type="stmt" count="6"/>
      <line num="83" type="stmt" count="6"/>
      <line num="84" type="stmt" count="6"/>
      <line num="85" type="stmt" count="6"/>
      <line num="86" type="stmt" count="6"/>
      <line num="87" type="stmt" count="6"/>
      <line num="88" type="stmt" count="6"/>
      <line num="89" type="stmt" count="6"/>
      <line num="90" type="stmt" count="6"/>
      <line num="91" type="stmt" count="6"/>
      <line num="92" type="stmt" count="6"/>
      <line num="93" type="stmt" count="6"/>
      <line num="94" type="stmt" count="6"/>
      <line num="95" type="stmt" count="6"/>
      <line num="96" type="stmt" count="6"/>
      <line num="97" type="stmt" count="6"/>
      <line num="99" type="stmt" count="6"/>
      <line num="102" type="method" name="detail" visibility="protected" complexity="1" crap="1" count="6"/>
      <line num="104" type="stmt" count="6"/>
      <line num="105" type="stmt" count="6"/>
      <line num="106" type="stmt" count="6"/>
      <line num="108" type="stmt" count="6"/>
      <line num="111" type="method" name="trailerBatch" visibility="protected" complexity="1" crap="1" count="5"/>
      <line num="113" type="stmt" count="5"/>
      <line num="114" type="stmt" count="5"/>
      <line num="115" type="stmt" count="5"/>
      <line num="116" type="stmt" count="5"/>
      <line num="117" type="stmt" count="5"/>
      <line num="118" type="stmt" count="5"/>
      <line num="119" type="stmt" count="5"/>
      <line num="120" type="stmt" count="5"/>
      <line num="121" type="stmt" count="5"/>
      <line num="122" type="stmt" count="5"/>
      <line num="123" type="stmt" count="5"/>
      <line num="125" type="stmt" count="5"/>
      <line num="128" type="method" name="trailer" visibility="protected" complexity="1" crap="1" count="6"/>
      <line num="130" type="stmt" count="6"/>
      <line num="131" type="stmt" count="6"/>
      <line num="132" type="stmt" count="6"/>
      <line num="133" type="stmt" count="6"/>
      <line num="134" type="stmt" count="6"/>
      <line num="135" type="stmt" count="6"/>
      <line num="136" type="stmt" count="6"/>
      <line num="137" type="stmt" count="6"/>
      <line num="138" type="stmt" count="6"/>
      <line num="140" type="stmt" count="6"/>
      <line num="143" type="method" name="segmentA" visibility="private" complexity="2" crap="2" count="7"/>
      <line num="145" type="stmt" count="7"/>
      <line num="146" type="stmt" count="7"/>
      <line num="147" type="stmt" count="7"/>
      <line num="148" type="stmt" count="7"/>
      <line num="149" type="stmt" count="7"/>
      <line num="150" type="stmt" count="7"/>
      <line num="151" type="stmt" count="7"/>
      <line num="152" type="stmt" count="7"/>
      <line num="153" type="stmt" count="7"/>
      <line num="154" type="stmt" count="7"/>
      <line num="155" type="stmt" count="7"/>
      <line num="156" type="stmt" count="7"/>
      <line num="157" type="stmt" count="7"/>
      <line num="158" type="stmt" count="7"/>
      <line num="160" type="stmt" count="7"/>
      <line num="161" type="stmt" count="7"/>
      <line num="162" type="stmt" count="7"/>
      <line num="163" type="stmt" count="7"/>
      <line num="164" type="stmt" count="7"/>
      <line num="165" type="stmt" count="7"/>
      <line num="166" type="stmt" count="7"/>
      <line num="167" type="stmt" count="7"/>
      <line num="168" type="stmt" count="7"/>
      <line num="169" type="stmt" count="7"/>
      <line num="170" type="stmt" count="7"/>
      <line num="171" type="stmt" count="7"/>
      <line num="172" type="stmt" count="7"/>
      <line num="173" type="stmt" count="7"/>
      <line num="174" type="stmt" count="7"/>
      <line num="175" type="stmt" count="7"/>
      <line num="176" type="stmt" count="7"/>
      <line num="177" type="stmt" count="7"/>
      <line num="178" type="stmt" count="7"/>
      <line num="180" type="stmt" count="7"/>
      <line num="183" type="method" name="segmentB" visibility="private" complexity="2" crap="2" count="7"/>
      <line num="185" type="stmt" count="7"/>
      <line num="186" type="stmt" count="7"/>
      <line num="187" type="stmt" count="7"/>
      <line num="188" type="stmt" count="7"/>
      <line num="189" type="stmt" count="7"/>
      <line num="190" type="stmt" count="7"/>
      <line num="191" type="stmt" count="7"/>
      <line num="192" type="stmt" count="7"/>
      <line num="193" type="stmt" count="7"/>
      <line num="194" type="stmt" count="7"/>
      <line num="195" type="stmt" count="7"/>
      <line num="196" type="stmt" count="7"/>
      <line num="197" type="stmt" count="7"/>
      <line num="198" type="stmt" count="7"/>
      <line num="199" type="stmt" count="7"/>
      <line num="200" type="stmt" count="7"/>
      <line num="201" type="stmt" count="7"/>
      <line num="202" type="stmt" count="7"/>
      <line num="203" type="stmt" count="7"/>
      <line num="204" type="stmt" count="7"/>
      <line num="205" type="stmt" count="7"/>
      <line num="206" type="stmt" count="7"/>
      <line num="207" type="stmt" count="7"/>
      <line num="208" type="stmt" count="7"/>
      <line num="209" type="stmt" count="7"/>
      <line num="211" type="stmt" count="7"/>
      <line num="214" type="method" name="segmentC" visibility="private" complexity="2" crap="2" count="7"/>
      <line num="216" type="stmt" count="7"/>
      <line num="217" type="stmt" count="7"/>
      <line num="218" type="stmt" count="7"/>
      <line num="219" type="stmt" count="7"/>
      <line num="220" type="stmt" count="7"/>
      <line num="221" type="stmt" count="7"/>
      <line num="222" type="stmt" count="7"/>
      <line num="223" type="stmt" count="7"/>
      <line num="224" type="stmt" count="7"/>
      <line num="225" type="stmt" count="7"/>
      <line num="226" type="stmt" count="7"/>
      <line num="227" type="stmt" count="7"/>
      <line num="228" type="stmt" count="7"/>
      <line num="229" type="stmt" count="7"/>
      <line num="230" type="stmt" count="7"/>
      <line num="231" type="stmt" count="7"/>
      <line num="233" type="stmt" count="7"/>
      <line num="234" type="stmt" count="7"/>
      <line num="235" type="stmt" count="7"/>
      <line num="236" type="stmt" count="7"/>
      <line num="237" type="stmt" count="7"/>
      <line num="238" type="stmt" count="7"/>
      <line num="240" type="stmt" count="7"/>
      <line num="243" type="method" name="getClientCode" visibility="private" complexity="3" crap="3" count="8"/>
      <line num="245" type="stmt" count="8"/>
      <line num="246" type="stmt" count="8"/>
      <line num="247" type="stmt" count="8"/>
      <line num="248" type="stmt" count="8"/>
      <line num="249" type="stmt" count="8"/>
      <line num="252" type="stmt" count="8"/>
      <line num="255" type="method" name="getStatus" visibility="private" complexity="1" crap="1" count="8"/>
      <line num="258" type="stmt" count="8"/>
      <line num="259" type="stmt" count="8"/>
      <line num="260" type="stmt" count="8"/>
      <line num="261" type="stmt" count="8"/>
      <line num="265" type="method" name="getFinality" visibility="private" complexity="1" crap="1" count="8"/>
      <line num="268" type="stmt" count="8"/>
      <line num="269" type="stmt" count="8"/>
      <line num="270" type="stmt" count="8"/>
      <line num="271" type="stmt" count="8"/>
      <line num="272" type="stmt" count="1"/>
      <line num="273" type="stmt" count="1"/>
      <line num="274" type="stmt" count="1"/>
      <line num="275" type="stmt" count="1"/>
      <line num="276" type="stmt" count="1"/>
      <line num="277" type="stmt" count="8"/>
      <metrics loc="281" ncloc="278" classes="1" methods="12" coveredmethods="12" conditionals="0" coveredconditionals="0" statements="186" coveredstatements="186" elements="198" coveredelements="198"/>
    </file>
    <file name="/var/www/edinei/payments/src/ValueObject/AbsctractPart.php">
      <class name="EdineiValdameri\Pagamentos\ValueObject\AbsctractPart" namespace="global">
        <metrics complexity="5" methods="2" coveredmethods="2" conditionals="0" coveredconditionals="0" statements="9" coveredstatements="9" elements="11" coveredelements="11"/>
      </class>
      <line num="14" type="method" name="addField" visibility="public" complexity="3" crap="3" count="15"/>
      <line num="16" type="stmt" count="15"/>
      <line num="17" type="stmt" count="1"/>
      <line num="20" type="stmt" count="15"/>
      <line num="21" type="stmt" count="1"/>
      <line num="24" type="stmt" count="15"/>
      <line num="27" type="method" name="generate" visibility="public" complexity="2" crap="2" count="14"/>
      <line num="29" type="stmt" count="14"/>
      <line num="30" type="stmt" count="1"/>
      <line num="33" type="stmt" count="13"/>
      <line num="35" type="stmt" count="13"/>
      <metrics loc="38" ncloc="38" classes="1" methods="2" coveredmethods="2" conditionals="0" coveredconditionals="0" statements="9" coveredstatements="9" elements="11" coveredelements="11"/>
    </file>
    <file name="/var/www/edinei/payments/src/ValueObject/Field.php">
      <class name="EdineiValdameri\Pagamentos\ValueObject\Field" namespace="global">
        <metrics complexity="8" methods="4" coveredmethods="4" conditionals="0" coveredconditionals="0" statements="13" coveredstatements="13" elements="17" coveredelements="17"/>
      </class>
      <line num="11" type="method" name="__construct" visibility="public" complexity="5" crap="5" count="21"/>
      <line num="16" type="stmt" count="21"/>
      <line num="17" type="stmt" count="1"/>
      <line num="20" type="stmt" count="20"/>
      <line num="21" type="stmt" count="1"/>
      <line num="24" type="stmt" count="19"/>
      <line num="25" type="stmt" count="1"/>
      <line num="28" type="stmt" count="18"/>
      <line num="30" type="stmt" count="18"/>
      <line num="31" type="stmt" count="1"/>
      <line num="34" type="stmt" count="17"/>
      <line num="37" type="method" name="getInitial" visibility="public" complexity="1" crap="1" count="15"/>
      <line num="39" type="stmt" count="15"/>
      <line num="42" type="method" name="getFinal" visibility="public" complexity="1" crap="1" count="15"/>
      <line num="44" type="stmt" count="15"/>
      <line num="47" type="method" name="getValue" visibility="public" complexity="1" crap="1" count="15"/>
      <line num="49" type="stmt" count="15"/>
      <metrics loc="52" ncloc="52" classes="1" methods="4" coveredmethods="4" conditionals="0" coveredconditionals="0" statements="13" coveredstatements="13" elements="17" coveredelements="17"/>
    </file>
    <file name="/var/www/edinei/payments/src/ValueObject/Header.php">
      <class name="EdineiValdameri\Pagamentos\ValueObject\Header" namespace="global">
        <metrics complexity="0" methods="0" coveredmethods="0" conditionals="0" coveredconditionals="0" statements="0" coveredstatements="0" elements="0" coveredelements="0"/>
      </class>
      <metrics loc="10" ncloc="10" classes="0" methods="0" coveredmethods="0" conditionals="0" coveredconditionals="0" statements="0" coveredstatements="0" elements="0" coveredelements="0"/>
    </file>
    <file name="/var/www/edinei/payments/src/ValueObject/HeaderBatch.php">
      <class name="EdineiValdameri\Pagamentos\ValueObject\HeaderBatch" namespace="global">
        <metrics complexity="0" methods="0" coveredmethods="0" conditionals="0" coveredconditionals="0" statements="0" coveredstatements="0" elements="0" coveredelements="0"/>
      </class>
      <metrics loc="10" ncloc="10" classes="0" methods="0" coveredmethods="0" conditionals="0" coveredconditionals="0" statements="0" coveredstatements="0" elements="0" coveredelements="0"/>
    </file>
    <file name="/var/www/edinei/payments/src/ValueObject/Segment.php">
      <class name="EdineiValdameri\Pagamentos\ValueObject\Segment" namespace="global">
        <metrics complexity="0" methods="0" coveredmethods="0" conditionals="0" coveredconditionals="0" statements="0" coveredstatements="0" elements="0" coveredelements="0"/>
      </class>
      <metrics loc="10" ncloc="10" classes="0" methods="0" coveredmethods="0" conditionals="0" coveredconditionals="0" statements="0" coveredstatements="0" elements="0" coveredelements="0"/>
    </file>
    <file name="/var/www/edinei/payments/src/ValueObject/Trailer.php">
      <class name="EdineiValdameri\Pagamentos\ValueObject\Trailer" namespace="global">
        <metrics complexity="0" methods="0" coveredmethods="0" conditionals="0" coveredconditionals="0" statements="0" coveredstatements="0" elements="0" coveredelements="0"/>
      </class>
      <metrics loc="10" ncloc="10" classes="0" methods="0" coveredmethods="0" conditionals="0" coveredconditionals="0" statements="0" coveredstatements="0" elements="0" coveredelements="0"/>
    </file>
    <file name="/var/www/edinei/payments/src/ValueObject/TrailerBatch.php">
      <class name="EdineiValdameri\Pagamentos\ValueObject\TrailerBatch" namespace="global">
        <metrics complexity="0" methods="0" coveredmethods="0" conditionals="0" coveredconditionals="0" statements="0" coveredstatements="0" elements="0" coveredelements="0"/>
      </class>
      <metrics loc="10" ncloc="10" classes="0" methods="0" coveredmethods="0" conditionals="0" coveredconditionals="0" statements="0" coveredstatements="0" elements="0" coveredelements="0"/>
    </file>
    <metrics files="22" loc="862" ncloc="847" classes="7" methods="32" coveredmethods="32" conditionals="0" coveredconditionals="0" statements="285" coveredstatements="285" elements="317" coveredelements="317"/>
  </project>
</coverage>
